<?xml version="1.0" encoding="UTF-8"?>
<!-- Generated by org.testng.reporters.JUnitXMLReporter -->
<testsuite hostname="Kotovich_PC" name="Default test" tests="19" failures="0" timestamp="4 Sep 2016 18:21:05 GMT" time="0.597" errors="0">
  <testcase name="getCSpeedTest" time="0.016" classname="com.shaman.task_3_2.tests.BasePassPlaneTest"/>
  <testcase name="getFconsTest" time="0.004" classname="com.shaman.task_3_2.tests.BasePassPlaneTest"/>
  <testcase name="getMfactTest" time="0.006" classname="com.shaman.task_3_2.tests.BasePassPlaneTest"/>
  <testcase name="getModelTest" time="0.004" classname="com.shaman.task_3_2.tests.BasePassPlaneTest"/>
  <testcase name="getSeatingTest" time="0.002" classname="com.shaman.task_3_2.tests.BasePassPlaneTest"/>
  <testcase name="getTcapacityTest" time="0.003" classname="com.shaman.task_3_2.tests.BasePassPlaneTest"/>
  <testcase name="toStringTest" time="0.003" classname="com.shaman.task_3_2.tests.BasePassPlaneTest"/>
  <testcase name="setCSpeedTest" time="0.002" classname="com.shaman.task_3_2.tests.BasePassPlaneTest"/>
  <testcase name="setFconsTest" time="0.011" classname="com.shaman.task_3_2.tests.BasePassPlaneTest"/>
  <testcase name="setMfactTest" time="0.002" classname="com.shaman.task_3_2.tests.BasePassPlaneTest"/>
  <testcase name="setModelTest" time="0.006" classname="com.shaman.task_3_2.tests.BasePassPlaneTest"/>
  <testcase name="setSeatingTest" time="0.002" classname="com.shaman.task_3_2.tests.BasePassPlaneTest"/>
  <testcase name="setTcapacityTest" time="0.005" classname="com.shaman.task_3_2.tests.BasePassPlaneTest"/>
  <testcase name="getFquantityTest" time="0.002" classname="com.shaman.task_3_2.tests.BasePassPlaneTest"/>
  <testcase name="setFquantityTest" time="0.006" classname="com.shaman.task_3_2.tests.BasePassPlaneTest"/>
  <testcase name="refuelingTest" time="0.002" classname="com.shaman.task_3_2.tests.BasePassPlaneTest"/>
  <testcase name="refuelingTest" time="0.005" classname="com.shaman.task_3_2.tests.BasePassPlaneTest"/>
  <testcase name="refuelingTest" time="0.005" classname="com.shaman.task_3_2.tests.BasePassPlaneTest"/>
  <testcase name="refuelingTest" time="0.011" classname="com.shaman.task_3_2.tests.BasePassPlaneTest"/>
</testsuite> <!-- Default test -->
