<?xml version="1.0" encoding="UTF-8"?>
<!-- Generated by org.testng.reporters.JUnitXMLReporter -->
<testsuite hostname="Kotovich_PC" name="Command line test" tests="13" failures="0" timestamp="4 Sep 2016 13:15:47 GMT" time="0.216" errors="0">
  <testcase name="getCSpeedTest" time="0.003" classname="com.shaman.task_3_2.tests.BasePassPlaneTest"/>
  <testcase name="getFconsTest" time="0.0" classname="com.shaman.task_3_2.tests.BasePassPlaneTest"/>
  <testcase name="getMfactTest" time="0.001" classname="com.shaman.task_3_2.tests.BasePassPlaneTest"/>
  <testcase name="getModelTest" time="0.001" classname="com.shaman.task_3_2.tests.BasePassPlaneTest"/>
  <testcase name="getSeatingTest" time="0.0" classname="com.shaman.task_3_2.tests.BasePassPlaneTest"/>
  <testcase name="getTcapacityTest" time="0.0" classname="com.shaman.task_3_2.tests.BasePassPlaneTest"/>
  <testcase name="toStringTest" time="0.0" classname="com.shaman.task_3_2.tests.BasePassPlaneTest"/>
  <testcase name="setCSpeedTest" time="0.0" classname="com.shaman.task_3_2.tests.BasePassPlaneTest"/>
  <testcase name="setFconsTest" time="0.0" classname="com.shaman.task_3_2.tests.BasePassPlaneTest"/>
  <testcase name="setMfactTest" time="0.0" classname="com.shaman.task_3_2.tests.BasePassPlaneTest"/>
  <testcase name="setModelTest" time="0.0" classname="com.shaman.task_3_2.tests.BasePassPlaneTest"/>
  <testcase name="setSeatingTest" time="0.0" classname="com.shaman.task_3_2.tests.BasePassPlaneTest"/>
  <testcase name="setTcapacityTest" time="0.001" classname="com.shaman.task_3_2.tests.BasePassPlaneTest"/>
</testsuite> <!-- Command line test -->
